<?xml version="1.0" encoding="UTF-8"?>
<testsuite name="ro.utcluj.client.TXTcreatorTest" tests="1" skipped="0" failures="0" errors="0" timestamp="2020-06-01T07:11:35" hostname="DESKTOP-TULJHPP" time="0.008">
  <properties/>
  <testcase name="getDoc()" classname="ro.utcluj.client.TXTcreatorTest" time="0.008"/>
  <system-out><![CDATA[]]></system-out>
  <system-err><![CDATA[]]></system-err>
</testsuite>
