<?xml version="1.0" encoding="UTF-8"?>
<testsuite name="ro.utcluj.VCReqTests.LoginVCReqTest" tests="1" skipped="0" failures="0" errors="0" timestamp="2020-06-01T07:11:35" hostname="DESKTOP-TULJHPP" time="0.001">
  <properties/>
  <testcase name="getAccountCriteriaTest()" classname="ro.utcluj.VCReqTests.LoginVCReqTest" time="0.001"/>
  <system-out><![CDATA[]]></system-out>
  <system-err><![CDATA[]]></system-err>
</testsuite>
