<?xml version="1.0" encoding="UTF-8"?>
<testsuite name="ro.utcluj.intermediar.BookAccountTest" tests="10" skipped="0" failures="0" errors="0" timestamp="2020-06-01T07:11:35" hostname="DESKTOP-TULJHPP" time="0.034">
  <properties/>
  <testcase name="getAccountId()" classname="ro.utcluj.intermediar.BookAccountTest" time="0.003"/>
  <testcase name="setBookName()" classname="ro.utcluj.intermediar.BookAccountTest" time="0.0"/>
  <testcase name="setAccountId()" classname="ro.utcluj.intermediar.BookAccountTest" time="0.0"/>
  <testcase name="getBookName()" classname="ro.utcluj.intermediar.BookAccountTest" time="0.001"/>
  <testcase name="setTimeLeft()" classname="ro.utcluj.intermediar.BookAccountTest" time="0.0"/>
  <testcase name="getTimeLeft()" classname="ro.utcluj.intermediar.BookAccountTest" time="0.001"/>
  <testcase name="getId()" classname="ro.utcluj.intermediar.BookAccountTest" time="0.0"/>
  <testcase name="setId()" classname="ro.utcluj.intermediar.BookAccountTest" time="0.002"/>
  <testcase name="getReturnDate()" classname="ro.utcluj.intermediar.BookAccountTest" time="0.015"/>
  <testcase name="setReturnDate()" classname="ro.utcluj.intermediar.BookAccountTest" time="0.001"/>
  <system-out><![CDATA[]]></system-out>
  <system-err><![CDATA[]]></system-err>
</testsuite>
